\BOOKMARK [1][-]{section.1}{\376\377\137\025\212\000}{}% 1
\BOOKMARK [1][-]{section.2}{\376\377\225\356\230\230\133\232\116\111\116\016\150\070\137\303\226\276\160\271}{}% 2
\BOOKMARK [1][-]{section.3}{\376\377\166\370\121\163\135\345\117\134}{}% 3
\BOOKMARK [2][-]{subsection.3.1}{\376\377\131\032\152\041\140\001\131\047\152\041\127\213\116\016\123\073\165\227\136\224\165\050}{section.3}% 4
\BOOKMARK [2][-]{subsection.3.2}{\376\377\133\371\153\324\133\146\116\140\116\016\215\037\124\021\176\246\147\137}{section.3}% 5
\BOOKMARK [2][-]{subsection.3.3}{\376\377\116\011\176\364\123\073\133\146\137\161\120\317\136\372\152\041}{section.3}% 6
\BOOKMARK [1][-]{section.4}{\376\377\170\024\172\166\122\250\147\072}{}% 7
\BOOKMARK [1][-]{section.5}{\376\377\152\041\127\213\230\204\131\007\377\032\000q\000w\000e\000n\0002\000.\0005\000-\000V\000L\000\040\151\202\211\201}{}% 8
\BOOKMARK [1][-]{section.6}{\376\377\145\160\143\156\226\306\116\016\230\204\131\004\164\006\176\306\202\202}{}% 9
\BOOKMARK [2][-]{subsection.6.1}{\376\377\000C\000T\000-\000R\000a\000t\000e\000\040\145\160\143\156\226\306\151\202\121\265}{section.6}% 10
\BOOKMARK [2][-]{subsection.6.2}{\376\377\137\161\120\317\150\007\121\306\123\026\155\101\172\013}{section.6}% 11
\BOOKMARK [2][-]{subsection.6.3}{\376\377\145\160\143\156\134\001\210\305\116\016\133\130\120\250\147\266\147\204}{section.6}% 12
\BOOKMARK [1][-]{section.7}{\376\377\145\271\154\325}{}% 13
\BOOKMARK [2][-]{subsection.7.1}{\376\377\232\330\145\257\126\152\130\360\147\204\220\040}{section.7}% 14
\BOOKMARK [2][-]{subsection.7.2}{\376\377\215\037\124\021\126\376\120\317\147\204\220\040}{section.7}% 15
\BOOKMARK [2][-]{subsection.7.3}{\376\377\143\137\131\061\116\016\213\255\176\303\173\126\165\145}{section.7}% 16
\BOOKMARK [2][-]{subsection.7.4}{\376\377\213\304\117\060\123\117\213\256}{section.7}% 17
\BOOKMARK [1][-]{section.8}{\376\377\133\236\232\214\116\016\176\323\147\234\122\006\147\220}{}% 18
\BOOKMARK [1][-]{section.9}{\376\377\213\250\213\272}{}% 19
\BOOKMARK [1][-]{section.10}{\376\377\142\151\134\125\133\236\232\214\116\016\131\015\163\260\133\236\215\365}{}% 20
\BOOKMARK [1][-]{section.11}{\376\377\176\323\213\272\116\016\147\052\147\145\135\345\117\134}{}% 21
\BOOKMARK [2][-]{subsection.11.1}{\376\377\176\323\213\272}{section.11}% 22
\BOOKMARK [2][-]{subsection.11.2}{\376\377\147\052\147\145\135\345\117\134}{section.11}% 23
